<?xml version="1.0" encoding="UTF-8"?>
<testng-results ignored="0" total="1" passed="1" failed="0" skipped="0">
  <reporter-output>
    <line>
      <![CDATA[DataBase is Connected]]>
    </line>
    <line>
      <![CDATA[The website is launched]]>
    </line>
    <line>
      <![CDATA[The screenshot is taken]]>
    </line>
    <line>
      <![CDATA[The website url is correct as expected]]>
    </line>
    <line>
      <![CDATA[Entered the correct Email ID]]>
    </line>
    <line>
      <![CDATA[The screenshot is taken]]>
    </line>
    <line>
      <![CDATA[Entered the correct password]]>
    </line>
    <line>
      <![CDATA[The screenshot is taken]]>
    </line>
    <line>
      <![CDATA[The login button is clicked]]>
    </line>
    <line>
      <![CDATA[The screenshot is taken]]>
    </line>
  </reporter-output>
  <suite started-at="2024-06-07T08:55:34 IST" name="Default suite" finished-at="2024-06-07T08:55:41 IST" duration-ms="7765">
    <groups>
    </groups>
    <test started-at="2024-06-07T08:55:34 IST" name="Default test" finished-at="2024-06-07T08:55:41 IST" duration-ms="7765">
      <class name="TestScripts.Login_Test">
        <test-method is-config="true" signature="DatabaseConnection()[pri:0, instance:TestScripts.Login_Test@614ca7df]" started-at="2024-06-07T08:55:34 IST" name="DatabaseConnection" finished-at="2024-06-07T08:55:34 IST" duration-ms="7" status="PASS">
          <reporter-output>
            <line>
              <![CDATA[DataBase is Connected]]>
            </line>
          </reporter-output>
        </test-method> <!-- DatabaseConnection -->
        <test-method is-config="true" signature="WebsiteLinkValidation()[pri:0, instance:TestScripts.Login_Test@614ca7df]" started-at="2024-06-07T08:55:34 IST" name="WebsiteLinkValidation" finished-at="2024-06-07T08:55:39 IST" duration-ms="5536" status="PASS">
          <reporter-output>
            <line>
              <![CDATA[The website is launched]]>
            </line>
            <line>
              <![CDATA[The screenshot is taken]]>
            </line>
            <line>
              <![CDATA[The website url is correct as expected]]>
            </line>
          </reporter-output>
        </test-method> <!-- WebsiteLinkValidation -->
        <test-method signature="Login()[pri:0, instance:TestScripts.Login_Test@614ca7df]" started-at="2024-06-07T08:55:39 IST" name="Login" finished-at="2024-06-07T08:55:41 IST" duration-ms="2102" status="PASS">
          <reporter-output>
            <line>
              <![CDATA[Entered the correct Email ID]]>
            </line>
            <line>
              <![CDATA[The screenshot is taken]]>
            </line>
            <line>
              <![CDATA[Entered the correct password]]>
            </line>
            <line>
              <![CDATA[The screenshot is taken]]>
            </line>
            <line>
              <![CDATA[The login button is clicked]]>
            </line>
            <line>
              <![CDATA[The screenshot is taken]]>
            </line>
          </reporter-output>
        </test-method> <!-- Login -->
        <test-method is-config="true" signature="WebsiteClose()[pri:0, instance:TestScripts.Login_Test@614ca7df]" started-at="2024-06-07T08:55:41 IST" name="WebsiteClose" finished-at="2024-06-07T08:55:41 IST" duration-ms="105" status="PASS">
          <reporter-output>
          </reporter-output>
        </test-method> <!-- WebsiteClose -->
      </class> <!-- TestScripts.Login_Test -->
    </test> <!-- Default test -->
  </suite> <!-- Default suite -->
</testng-results>
